{
  "/Users/james/Development/Client Projects/airview/packages/airview-msw-handlers/src/features/create-handlers/create-handlers.js": {
    "path": "/Users/james/Development/Client Projects/airview/packages/airview-msw-handlers/src/features/create-handlers/create-handlers.js",
    "all": false,
    "statementMap": {
      "0": {
        "start": { "line": 1, "column": 0 },
        "end": { "line": 1, "column": 27 }
      },
      "1": {
        "start": { "line": 2, "column": 0 },
        "end": { "line": 2, "column": 45 }
      },
      "2": {
        "start": { "line": 3, "column": 0 },
        "end": { "line": 3, "column": 0 }
      },
      "3": {
        "start": { "line": 4, "column": 0 },
        "end": { "line": 4, "column": 58 }
      },
      "4": {
        "start": { "line": 5, "column": 0 },
        "end": { "line": 5, "column": 36 }
      },
      "5": {
        "start": { "line": 6, "column": 0 },
        "end": { "line": 6, "column": 0 }
      },
      "6": {
        "start": { "line": 7, "column": 0 },
        "end": { "line": 7, "column": 9 }
      },
      "7": {
        "start": { "line": 8, "column": 0 },
        "end": { "line": 8, "column": 15 }
      },
      "8": {
        "start": { "line": 9, "column": 0 },
        "end": { "line": 9, "column": 20 }
      },
      "9": {
        "start": { "line": 10, "column": 0 },
        "end": { "line": 10, "column": 14 }
      },
      "10": {
        "start": { "line": 11, "column": 0 },
        "end": { "line": 11, "column": 17 }
      },
      "11": {
        "start": { "line": 12, "column": 0 },
        "end": { "line": 12, "column": 19 }
      },
      "12": {
        "start": { "line": 13, "column": 0 },
        "end": { "line": 13, "column": 16 }
      },
      "13": {
        "start": { "line": 14, "column": 0 },
        "end": { "line": 14, "column": 17 }
      },
      "14": {
        "start": { "line": 15, "column": 0 },
        "end": { "line": 15, "column": 10 }
      },
      "15": {
        "start": { "line": 16, "column": 0 },
        "end": { "line": 16, "column": 20 }
      },
      "16": {
        "start": { "line": 17, "column": 0 },
        "end": { "line": 17, "column": 0 }
      },
      "17": {
        "start": { "line": 18, "column": 0 },
        "end": { "line": 18, "column": 20 }
      },
      "18": {
        "start": { "line": 19, "column": 0 },
        "end": { "line": 19, "column": 65 }
      },
      "19": {
        "start": { "line": 20, "column": 0 },
        "end": { "line": 20, "column": 37 }
      },
      "20": {
        "start": { "line": 21, "column": 0 },
        "end": { "line": 21, "column": 69 }
      },
      "21": {
        "start": { "line": 22, "column": 0 },
        "end": { "line": 22, "column": 7 }
      },
      "22": {
        "start": { "line": 23, "column": 0 },
        "end": { "line": 23, "column": 0 }
      },
      "23": {
        "start": { "line": 24, "column": 0 },
        "end": { "line": 24, "column": 66 }
      },
      "24": {
        "start": { "line": 25, "column": 0 },
        "end": { "line": 25, "column": 58 }
      },
      "25": {
        "start": { "line": 26, "column": 0 },
        "end": { "line": 26, "column": 69 }
      },
      "26": {
        "start": { "line": 27, "column": 0 },
        "end": { "line": 27, "column": 7 }
      },
      "27": {
        "start": { "line": 28, "column": 0 },
        "end": { "line": 28, "column": 0 }
      },
      "28": {
        "start": { "line": 29, "column": 0 },
        "end": { "line": 29, "column": 72 }
      },
      "29": {
        "start": { "line": 30, "column": 0 },
        "end": { "line": 30, "column": 39 }
      },
      "30": {
        "start": { "line": 31, "column": 0 },
        "end": { "line": 31, "column": 0 }
      },
      "31": {
        "start": { "line": 32, "column": 0 },
        "end": { "line": 32, "column": 44 }
      },
      "32": {
        "start": { "line": 33, "column": 0 },
        "end": { "line": 33, "column": 0 }
      },
      "33": {
        "start": { "line": 34, "column": 0 },
        "end": { "line": 34, "column": 23 }
      },
      "34": {
        "start": { "line": 35, "column": 0 },
        "end": { "line": 35, "column": 73 }
      },
      "35": {
        "start": { "line": 36, "column": 0 },
        "end": { "line": 36, "column": 14 }
      },
      "36": {
        "start": { "line": 37, "column": 0 },
        "end": { "line": 37, "column": 19 }
      },
      "37": {
        "start": { "line": 38, "column": 0 },
        "end": { "line": 38, "column": 26 }
      },
      "38": {
        "start": { "line": 39, "column": 0 },
        "end": { "line": 39, "column": 20 }
      },
      "39": {
        "start": { "line": 40, "column": 0 },
        "end": { "line": 40, "column": 52 }
      },
      "40": {
        "start": { "line": 41, "column": 0 },
        "end": { "line": 41, "column": 12 }
      },
      "41": {
        "start": { "line": 42, "column": 0 },
        "end": { "line": 42, "column": 10 }
      },
      "42": {
        "start": { "line": 43, "column": 0 },
        "end": { "line": 43, "column": 7 }
      },
      "43": {
        "start": { "line": 44, "column": 0 },
        "end": { "line": 44, "column": 7 }
      },
      "44": {
        "start": { "line": 45, "column": 0 },
        "end": { "line": 45, "column": 0 }
      },
      "45": {
        "start": { "line": 46, "column": 0 },
        "end": { "line": 46, "column": 13 }
      },
      "46": {
        "start": { "line": 47, "column": 0 },
        "end": { "line": 47, "column": 58 }
      },
      "47": {
        "start": { "line": 48, "column": 0 },
        "end": { "line": 48, "column": 32 }
      },
      "48": {
        "start": { "line": 49, "column": 0 },
        "end": { "line": 49, "column": 67 }
      },
      "49": {
        "start": { "line": 50, "column": 0 },
        "end": { "line": 50, "column": 63 }
      },
      "50": {
        "start": { "line": 51, "column": 0 },
        "end": { "line": 51, "column": 0 }
      },
      "51": {
        "start": { "line": 52, "column": 0 },
        "end": { "line": 52, "column": 22 }
      },
      "52": {
        "start": { "line": 53, "column": 0 },
        "end": { "line": 53, "column": 72 }
      },
      "53": {
        "start": { "line": 54, "column": 0 },
        "end": { "line": 54, "column": 16 }
      },
      "54": {
        "start": { "line": 55, "column": 0 },
        "end": { "line": 55, "column": 21 }
      },
      "55": {
        "start": { "line": 56, "column": 0 },
        "end": { "line": 56, "column": 28 }
      },
      "56": {
        "start": { "line": 57, "column": 0 },
        "end": { "line": 57, "column": 22 }
      },
      "57": {
        "start": { "line": 58, "column": 0 },
        "end": { "line": 58, "column": 49 }
      },
      "58": {
        "start": { "line": 59, "column": 0 },
        "end": { "line": 59, "column": 14 }
      },
      "59": {
        "start": { "line": 60, "column": 0 },
        "end": { "line": 60, "column": 12 }
      },
      "60": {
        "start": { "line": 61, "column": 0 },
        "end": { "line": 61, "column": 9 }
      },
      "61": {
        "start": { "line": 62, "column": 0 },
        "end": { "line": 62, "column": 7 }
      },
      "62": {
        "start": { "line": 63, "column": 0 },
        "end": { "line": 63, "column": 6 }
      },
      "63": {
        "start": { "line": 64, "column": 0 },
        "end": { "line": 64, "column": 0 }
      },
      "64": {
        "start": { "line": 65, "column": 0 },
        "end": { "line": 65, "column": 13 }
      },
      "65": {
        "start": { "line": 66, "column": 0 },
        "end": { "line": 66, "column": 58 }
      },
      "66": {
        "start": { "line": 67, "column": 0 },
        "end": { "line": 67, "column": 32 }
      },
      "67": {
        "start": { "line": 68, "column": 0 },
        "end": { "line": 68, "column": 67 }
      },
      "68": {
        "start": { "line": 69, "column": 0 },
        "end": { "line": 69, "column": 0 }
      },
      "69": {
        "start": { "line": 70, "column": 0 },
        "end": { "line": 70, "column": 68 }
      },
      "70": {
        "start": { "line": 71, "column": 0 },
        "end": { "line": 71, "column": 51 }
      },
      "71": {
        "start": { "line": 72, "column": 0 },
        "end": { "line": 72, "column": 7 }
      },
      "72": {
        "start": { "line": 73, "column": 0 },
        "end": { "line": 73, "column": 6 }
      },
      "73": {
        "start": { "line": 74, "column": 0 },
        "end": { "line": 74, "column": 0 }
      },
      "74": {
        "start": { "line": 75, "column": 0 },
        "end": { "line": 75, "column": 75 }
      },
      "75": {
        "start": { "line": 76, "column": 0 },
        "end": { "line": 76, "column": 38 }
      },
      "76": {
        "start": { "line": 77, "column": 0 },
        "end": { "line": 77, "column": 49 }
      },
      "77": {
        "start": { "line": 78, "column": 0 },
        "end": { "line": 78, "column": 7 }
      },
      "78": {
        "start": { "line": 79, "column": 0 },
        "end": { "line": 79, "column": 0 }
      },
      "79": {
        "start": { "line": 80, "column": 0 },
        "end": { "line": 80, "column": 16 }
      },
      "80": {
        "start": { "line": 81, "column": 0 },
        "end": { "line": 81, "column": 58 }
      },
      "81": {
        "start": { "line": 82, "column": 0 },
        "end": { "line": 82, "column": 32 }
      },
      "82": {
        "start": { "line": 83, "column": 0 },
        "end": { "line": 83, "column": 67 }
      },
      "83": {
        "start": { "line": 84, "column": 0 },
        "end": { "line": 84, "column": 41 }
      },
      "84": {
        "start": { "line": 85, "column": 0 },
        "end": { "line": 85, "column": 51 }
      },
      "85": {
        "start": { "line": 86, "column": 0 },
        "end": { "line": 86, "column": 7 }
      },
      "86": {
        "start": { "line": 87, "column": 0 },
        "end": { "line": 87, "column": 6 }
      },
      "87": {
        "start": { "line": 88, "column": 0 },
        "end": { "line": 88, "column": 4 }
      },
      "88": {
        "start": { "line": 89, "column": 0 },
        "end": { "line": 89, "column": 0 }
      },
      "89": {
        "start": { "line": 90, "column": 0 },
        "end": { "line": 90, "column": 40 }
      },
      "90": {
        "start": { "line": 91, "column": 0 },
        "end": { "line": 91, "column": 1 }
      }
    },
    "s": {
      "0": 1,
      "1": 1,
      "2": 1,
      "3": 1,
      "4": 1,
      "5": 1,
      "6": 1,
      "7": 1,
      "8": 1,
      "9": 1,
      "10": 1,
      "11": 1,
      "12": 1,
      "13": 1,
      "14": 1,
      "15": 1,
      "16": 1,
      "17": 1,
      "18": 1,
      "19": 2,
      "20": 2,
      "21": 2,
      "22": 1,
      "23": 1,
      "24": 1,
      "25": 1,
      "26": 1,
      "27": 1,
      "28": 1,
      "29": 5,
      "30": 5,
      "31": 5,
      "32": 5,
      "33": 5,
      "34": 4,
      "35": 5,
      "36": 1,
      "37": 1,
      "38": 1,
      "39": 1,
      "40": 1,
      "41": 1,
      "42": 1,
      "43": 5,
      "44": 1,
      "45": 1,
      "46": 1,
      "47": 1,
      "48": 4,
      "49": 4,
      "50": 4,
      "51": 4,
      "52": 3,
      "53": 4,
      "54": 1,
      "55": 1,
      "56": 1,
      "57": 1,
      "58": 1,
      "59": 1,
      "60": 1,
      "61": 4,
      "62": 1,
      "63": 1,
      "64": 1,
      "65": 1,
      "66": 1,
      "67": 2,
      "68": 2,
      "69": 2,
      "70": 2,
      "71": 2,
      "72": 1,
      "73": 1,
      "74": 1,
      "75": 1,
      "76": 1,
      "77": 1,
      "78": 1,
      "79": 1,
      "80": 1,
      "81": 1,
      "82": 1,
      "83": 1,
      "84": 1,
      "85": 1,
      "86": 1,
      "87": 1,
      "88": 1,
      "89": 1,
      "90": 1
    },
    "branchMap": {
      "0": {
        "type": "branch",
        "line": 4,
        "loc": {
          "start": { "line": 4, "column": 7 },
          "end": { "line": 91, "column": 1 }
        },
        "locations": [
          {
            "start": { "line": 4, "column": 7 },
            "end": { "line": 91, "column": 1 }
          }
        ]
      },
      "1": {
        "type": "branch",
        "line": 19,
        "loc": {
          "start": { "line": 19, "column": 39 },
          "end": { "line": 22, "column": 7 }
        },
        "locations": [
          {
            "start": { "line": 19, "column": 39 },
            "end": { "line": 22, "column": 7 }
          }
        ]
      },
      "2": {
        "type": "branch",
        "line": 24,
        "loc": {
          "start": { "line": 24, "column": 40 },
          "end": { "line": 27, "column": 7 }
        },
        "locations": [
          {
            "start": { "line": 24, "column": 40 },
            "end": { "line": 27, "column": 7 }
          }
        ]
      },
      "3": {
        "type": "branch",
        "line": 29,
        "loc": {
          "start": { "line": 29, "column": 46 },
          "end": { "line": 44, "column": 7 }
        },
        "locations": [
          {
            "start": { "line": 29, "column": 46 },
            "end": { "line": 44, "column": 7 }
          }
        ]
      },
      "4": {
        "type": "branch",
        "line": 34,
        "loc": {
          "start": { "line": 34, "column": 22 },
          "end": { "line": 36, "column": 13 }
        },
        "locations": [
          {
            "start": { "line": 34, "column": 22 },
            "end": { "line": 36, "column": 13 }
          }
        ]
      },
      "5": {
        "type": "branch",
        "line": 36,
        "loc": {
          "start": { "line": 36, "column": 7 },
          "end": { "line": 43, "column": 7 }
        },
        "locations": [
          {
            "start": { "line": 36, "column": 7 },
            "end": { "line": 43, "column": 7 }
          }
        ]
      },
      "6": {
        "type": "branch",
        "line": 48,
        "loc": {
          "start": { "line": 48, "column": 6 },
          "end": { "line": 62, "column": 7 }
        },
        "locations": [
          {
            "start": { "line": 48, "column": 6 },
            "end": { "line": 62, "column": 7 }
          }
        ]
      },
      "7": {
        "type": "branch",
        "line": 52,
        "loc": {
          "start": { "line": 52, "column": 21 },
          "end": { "line": 54, "column": 15 }
        },
        "locations": [
          {
            "start": { "line": 52, "column": 21 },
            "end": { "line": 54, "column": 15 }
          }
        ]
      },
      "8": {
        "type": "branch",
        "line": 54,
        "loc": {
          "start": { "line": 54, "column": 9 },
          "end": { "line": 61, "column": 9 }
        },
        "locations": [
          {
            "start": { "line": 54, "column": 9 },
            "end": { "line": 61, "column": 9 }
          }
        ]
      },
      "9": {
        "type": "branch",
        "line": 67,
        "loc": {
          "start": { "line": 67, "column": 6 },
          "end": { "line": 72, "column": 7 }
        },
        "locations": [
          {
            "start": { "line": 67, "column": 6 },
            "end": { "line": 72, "column": 7 }
          }
        ]
      },
      "10": {
        "type": "branch",
        "line": 75,
        "loc": {
          "start": { "line": 75, "column": 49 },
          "end": { "line": 78, "column": 7 }
        },
        "locations": [
          {
            "start": { "line": 75, "column": 49 },
            "end": { "line": 78, "column": 7 }
          }
        ]
      },
      "11": {
        "type": "branch",
        "line": 82,
        "loc": {
          "start": { "line": 82, "column": 6 },
          "end": { "line": 86, "column": 7 }
        },
        "locations": [
          {
            "start": { "line": 82, "column": 6 },
            "end": { "line": 86, "column": 7 }
          }
        ]
      }
    },
    "b": {
      "0": [1],
      "1": [2],
      "2": [1],
      "3": [5],
      "4": [4],
      "5": [1],
      "6": [4],
      "7": [3],
      "8": [1],
      "9": [2],
      "10": [1],
      "11": [1]
    },
    "fnMap": {
      "0": {
        "name": "createHandlers",
        "decl": {
          "start": { "line": 4, "column": 7 },
          "end": { "line": 91, "column": 1 }
        },
        "loc": {
          "start": { "line": 4, "column": 7 },
          "end": { "line": 91, "column": 1 }
        },
        "line": 4
      }
    },
    "f": { "0": 1 }
  },
  "/Users/james/Development/Client Projects/airview/packages/airview-msw-handlers/src/features/create-handlers/create-store.js": {
    "path": "/Users/james/Development/Client Projects/airview/packages/airview-msw-handlers/src/features/create-handlers/create-store.js",
    "all": false,
    "statementMap": {
      "0": {
        "start": { "line": 1, "column": 0 },
        "end": { "line": 1, "column": 32 }
      },
      "1": {
        "start": { "line": 2, "column": 0 },
        "end": { "line": 2, "column": 52 }
      },
      "2": {
        "start": { "line": 3, "column": 0 },
        "end": { "line": 3, "column": 33 }
      },
      "3": {
        "start": { "line": 4, "column": 0 },
        "end": { "line": 4, "column": 0 }
      },
      "4": {
        "start": { "line": 5, "column": 0 },
        "end": { "line": 5, "column": 31 }
      },
      "5": {
        "start": { "line": 6, "column": 0 },
        "end": { "line": 6, "column": 47 }
      },
      "6": {
        "start": { "line": 7, "column": 0 },
        "end": { "line": 7, "column": 0 }
      },
      "7": {
        "start": { "line": 8, "column": 0 },
        "end": { "line": 8, "column": 34 }
      },
      "8": {
        "start": { "line": 9, "column": 0 },
        "end": { "line": 9, "column": 41 }
      },
      "9": {
        "start": { "line": 10, "column": 0 },
        "end": { "line": 10, "column": 0 }
      },
      "10": {
        "start": { "line": 11, "column": 0 },
        "end": { "line": 11, "column": 62 }
      },
      "11": {
        "start": { "line": 12, "column": 0 },
        "end": { "line": 12, "column": 33 }
      },
      "12": {
        "start": { "line": 13, "column": 0 },
        "end": { "line": 13, "column": 51 }
      },
      "13": {
        "start": { "line": 14, "column": 0 },
        "end": { "line": 14, "column": 41 }
      },
      "14": {
        "start": { "line": 15, "column": 0 },
        "end": { "line": 15, "column": 64 }
      },
      "15": {
        "start": { "line": 16, "column": 0 },
        "end": { "line": 16, "column": 7 }
      },
      "16": {
        "start": { "line": 17, "column": 0 },
        "end": { "line": 17, "column": 6 }
      },
      "17": {
        "start": { "line": 18, "column": 0 },
        "end": { "line": 18, "column": 0 }
      },
      "18": {
        "start": { "line": 19, "column": 0 },
        "end": { "line": 19, "column": 12 }
      },
      "19": {
        "start": { "line": 20, "column": 0 },
        "end": { "line": 20, "column": 43 }
      },
      "20": {
        "start": { "line": 21, "column": 0 },
        "end": { "line": 21, "column": 6 }
      },
      "21": {
        "start": { "line": 22, "column": 0 },
        "end": { "line": 22, "column": 4 }
      },
      "22": {
        "start": { "line": 23, "column": 0 },
        "end": { "line": 23, "column": 0 }
      },
      "23": {
        "start": { "line": 24, "column": 0 },
        "end": { "line": 24, "column": 43 }
      },
      "24": {
        "start": { "line": 25, "column": 0 },
        "end": { "line": 25, "column": 49 }
      },
      "25": {
        "start": { "line": 26, "column": 0 },
        "end": { "line": 26, "column": 4 }
      },
      "26": {
        "start": { "line": 27, "column": 0 },
        "end": { "line": 27, "column": 0 }
      },
      "27": {
        "start": { "line": 28, "column": 0 },
        "end": { "line": 28, "column": 51 }
      },
      "28": {
        "start": { "line": 29, "column": 0 },
        "end": { "line": 29, "column": 54 }
      },
      "29": {
        "start": { "line": 30, "column": 0 },
        "end": { "line": 30, "column": 40 }
      },
      "30": {
        "start": { "line": 31, "column": 0 },
        "end": { "line": 31, "column": 0 }
      },
      "31": {
        "start": { "line": 32, "column": 0 },
        "end": { "line": 32, "column": 73 }
      },
      "32": {
        "start": { "line": 33, "column": 0 },
        "end": { "line": 33, "column": 4 }
      },
      "33": {
        "start": { "line": 34, "column": 0 },
        "end": { "line": 34, "column": 0 }
      },
      "34": {
        "start": { "line": 35, "column": 0 },
        "end": { "line": 35, "column": 37 }
      },
      "35": {
        "start": { "line": 36, "column": 0 },
        "end": { "line": 36, "column": 43 }
      },
      "36": {
        "start": { "line": 37, "column": 0 },
        "end": { "line": 37, "column": 0 }
      },
      "37": {
        "start": { "line": 38, "column": 0 },
        "end": { "line": 38, "column": 31 }
      },
      "38": {
        "start": { "line": 39, "column": 0 },
        "end": { "line": 39, "column": 4 }
      },
      "39": {
        "start": { "line": 40, "column": 0 },
        "end": { "line": 40, "column": 0 }
      },
      "40": {
        "start": { "line": 41, "column": 0 },
        "end": { "line": 41, "column": 36 }
      },
      "41": {
        "start": { "line": 42, "column": 0 },
        "end": { "line": 42, "column": 60 }
      },
      "42": {
        "start": { "line": 43, "column": 0 },
        "end": { "line": 43, "column": 27 }
      },
      "43": {
        "start": { "line": 44, "column": 0 },
        "end": { "line": 44, "column": 28 }
      },
      "44": {
        "start": { "line": 45, "column": 0 },
        "end": { "line": 45, "column": 4 }
      },
      "45": {
        "start": { "line": 46, "column": 0 },
        "end": { "line": 46, "column": 52 }
      },
      "46": {
        "start": { "line": 47, "column": 0 },
        "end": { "line": 47, "column": 0 }
      },
      "47": {
        "start": { "line": 48, "column": 0 },
        "end": { "line": 48, "column": 34 }
      },
      "48": {
        "start": { "line": 49, "column": 0 },
        "end": { "line": 49, "column": 53 }
      },
      "49": {
        "start": { "line": 50, "column": 0 },
        "end": { "line": 50, "column": 41 }
      },
      "50": {
        "start": { "line": 51, "column": 0 },
        "end": { "line": 51, "column": 6 }
      },
      "51": {
        "start": { "line": 52, "column": 0 },
        "end": { "line": 52, "column": 0 }
      },
      "52": {
        "start": { "line": 53, "column": 0 },
        "end": { "line": 53, "column": 46 }
      },
      "53": {
        "start": { "line": 54, "column": 0 },
        "end": { "line": 54, "column": 19 }
      },
      "54": {
        "start": { "line": 55, "column": 0 },
        "end": { "line": 55, "column": 5 }
      },
      "55": {
        "start": { "line": 56, "column": 0 },
        "end": { "line": 56, "column": 0 }
      },
      "56": {
        "start": { "line": 57, "column": 0 },
        "end": { "line": 57, "column": 16 }
      },
      "57": {
        "start": { "line": 58, "column": 0 },
        "end": { "line": 58, "column": 35 }
      },
      "58": {
        "start": { "line": 59, "column": 0 },
        "end": { "line": 59, "column": 46 }
      },
      "59": {
        "start": { "line": 60, "column": 0 },
        "end": { "line": 60, "column": 0 }
      },
      "60": {
        "start": { "line": 61, "column": 0 },
        "end": { "line": 61, "column": 77 }
      },
      "61": {
        "start": { "line": 62, "column": 0 },
        "end": { "line": 62, "column": 26 }
      },
      "62": {
        "start": { "line": 63, "column": 0 },
        "end": { "line": 63, "column": 4 }
      },
      "63": {
        "start": { "line": 64, "column": 0 },
        "end": { "line": 64, "column": 0 }
      },
      "64": {
        "start": { "line": 65, "column": 0 },
        "end": { "line": 65, "column": 23 }
      },
      "65": {
        "start": { "line": 66, "column": 0 },
        "end": { "line": 66, "column": 39 }
      },
      "66": {
        "start": { "line": 67, "column": 0 },
        "end": { "line": 67, "column": 4 }
      },
      "67": {
        "start": { "line": 68, "column": 0 },
        "end": { "line": 68, "column": 0 }
      },
      "68": {
        "start": { "line": 69, "column": 0 },
        "end": { "line": 69, "column": 10 }
      },
      "69": {
        "start": { "line": 70, "column": 0 },
        "end": { "line": 70, "column": 15 }
      },
      "70": {
        "start": { "line": 71, "column": 0 },
        "end": { "line": 71, "column": 20 }
      },
      "71": {
        "start": { "line": 72, "column": 0 },
        "end": { "line": 72, "column": 14 }
      },
      "72": {
        "start": { "line": 73, "column": 0 },
        "end": { "line": 73, "column": 17 }
      },
      "73": {
        "start": { "line": 74, "column": 0 },
        "end": { "line": 74, "column": 19 }
      },
      "74": {
        "start": { "line": 75, "column": 0 },
        "end": { "line": 75, "column": 16 }
      },
      "75": {
        "start": { "line": 76, "column": 0 },
        "end": { "line": 76, "column": 17 }
      },
      "76": {
        "start": { "line": 77, "column": 0 },
        "end": { "line": 77, "column": 10 }
      },
      "77": {
        "start": { "line": 78, "column": 0 },
        "end": { "line": 78, "column": 4 }
      },
      "78": {
        "start": { "line": 79, "column": 0 },
        "end": { "line": 79, "column": 1 }
      }
    },
    "s": {
      "0": 1,
      "1": 1,
      "2": 1,
      "3": 1,
      "4": 1,
      "5": 1,
      "6": 1,
      "7": 1,
      "8": 5,
      "9": 4,
      "10": 4,
      "11": 4,
      "12": 4,
      "13": 4,
      "14": 4,
      "15": 4,
      "16": 4,
      "17": 4,
      "18": 4,
      "19": 4,
      "20": 4,
      "21": 4,
      "22": 1,
      "23": 1,
      "24": 4,
      "25": 4,
      "26": 1,
      "27": 1,
      "28": 2,
      "29": 2,
      "30": 2,
      "31": 2,
      "32": 2,
      "33": 1,
      "34": 1,
      "35": 1,
      "36": 1,
      "37": 1,
      "38": 1,
      "39": 1,
      "40": 1,
      "41": 1,
      "42": 1,
      "43": 1,
      "44": 1,
      "45": 1,
      "46": 1,
      "47": 1,
      "48": 1,
      "49": 1,
      "50": 1,
      "51": 1,
      "52": 1,
      "53": 0,
      "54": 0,
      "55": 1,
      "56": 1,
      "57": 1,
      "58": 1,
      "59": 1,
      "60": 1,
      "61": 1,
      "62": 1,
      "63": 1,
      "64": 1,
      "65": 8,
      "66": 8,
      "67": 1,
      "68": 1,
      "69": 1,
      "70": 1,
      "71": 1,
      "72": 1,
      "73": 1,
      "74": 1,
      "75": 1,
      "76": 1,
      "77": 1,
      "78": 1
    },
    "branchMap": {
      "0": {
        "type": "branch",
        "line": 5,
        "loc": {
          "start": { "line": 5, "column": 7 },
          "end": { "line": 79, "column": 1 }
        },
        "locations": [
          {
            "start": { "line": 5, "column": 7 },
            "end": { "line": 79, "column": 1 }
          }
        ]
      },
      "1": {
        "type": "branch",
        "line": 8,
        "loc": {
          "start": { "line": 8, "column": 22 },
          "end": { "line": 22, "column": 4 }
        },
        "locations": [
          {
            "start": { "line": 8, "column": 22 },
            "end": { "line": 22, "column": 4 }
          }
        ]
      },
      "2": {
        "type": "branch",
        "line": 9,
        "loc": {
          "start": { "line": 9, "column": 28 },
          "end": { "line": 9, "column": 35 }
        },
        "locations": [
          {
            "start": { "line": 9, "column": 28 },
            "end": { "line": 9, "column": 35 }
          }
        ]
      },
      "3": {
        "type": "branch",
        "line": 9,
        "loc": {
          "start": { "line": 9, "column": 28 },
          "end": { "line": 22, "column": 4 }
        },
        "locations": [
          {
            "start": { "line": 9, "column": 28 },
            "end": { "line": 22, "column": 4 }
          }
        ]
      },
      "4": {
        "type": "branch",
        "line": 12,
        "loc": {
          "start": { "line": 12, "column": 6 },
          "end": { "line": 16, "column": 7 }
        },
        "locations": [
          {
            "start": { "line": 12, "column": 6 },
            "end": { "line": 16, "column": 7 }
          }
        ]
      },
      "5": {
        "type": "branch",
        "line": 24,
        "loc": {
          "start": { "line": 24, "column": 26 },
          "end": { "line": 26, "column": 4 }
        },
        "locations": [
          {
            "start": { "line": 24, "column": 26 },
            "end": { "line": 26, "column": 4 }
          }
        ]
      },
      "6": {
        "type": "branch",
        "line": 25,
        "loc": {
          "start": { "line": 25, "column": 11 },
          "end": { "line": 25, "column": 43 }
        },
        "locations": [
          {
            "start": { "line": 25, "column": 11 },
            "end": { "line": 25, "column": 43 }
          }
        ]
      },
      "7": {
        "type": "branch",
        "line": 25,
        "loc": {
          "start": { "line": 25, "column": 11 },
          "end": { "line": 25, "column": 49 }
        },
        "locations": [
          {
            "start": { "line": 25, "column": 11 },
            "end": { "line": 25, "column": 49 }
          }
        ]
      },
      "8": {
        "type": "branch",
        "line": 28,
        "loc": {
          "start": { "line": 28, "column": 25 },
          "end": { "line": 33, "column": 4 }
        },
        "locations": [
          {
            "start": { "line": 28, "column": 25 },
            "end": { "line": 33, "column": 4 }
          }
        ]
      },
      "9": {
        "type": "branch",
        "line": 35,
        "loc": {
          "start": { "line": 35, "column": 20 },
          "end": { "line": 39, "column": 4 }
        },
        "locations": [
          {
            "start": { "line": 35, "column": 20 },
            "end": { "line": 39, "column": 4 }
          }
        ]
      },
      "10": {
        "type": "branch",
        "line": 36,
        "loc": {
          "start": { "line": 36, "column": 30 },
          "end": { "line": 36, "column": 37 }
        },
        "locations": [
          {
            "start": { "line": 36, "column": 30 },
            "end": { "line": 36, "column": 37 }
          }
        ]
      },
      "11": {
        "type": "branch",
        "line": 41,
        "loc": {
          "start": { "line": 41, "column": 24 },
          "end": { "line": 45, "column": 4 }
        },
        "locations": [
          {
            "start": { "line": 41, "column": 24 },
            "end": { "line": 45, "column": 4 }
          }
        ]
      },
      "12": {
        "type": "branch",
        "line": 42,
        "loc": {
          "start": { "line": 42, "column": 47 },
          "end": { "line": 42, "column": 54 }
        },
        "locations": [
          {
            "start": { "line": 42, "column": 47 },
            "end": { "line": 42, "column": 54 }
          }
        ]
      },
      "13": {
        "type": "branch",
        "line": 46,
        "loc": {
          "start": { "line": 46, "column": 22 },
          "end": { "line": 46, "column": 34 }
        },
        "locations": [
          {
            "start": { "line": 46, "column": 22 },
            "end": { "line": 46, "column": 34 }
          }
        ]
      },
      "14": {
        "type": "branch",
        "line": 48,
        "loc": {
          "start": { "line": 48, "column": 24 },
          "end": { "line": 63, "column": 4 }
        },
        "locations": [
          {
            "start": { "line": 48, "column": 24 },
            "end": { "line": 63, "column": 4 }
          }
        ]
      },
      "15": {
        "type": "branch",
        "line": 53,
        "loc": {
          "start": { "line": 53, "column": 45 },
          "end": { "line": 55, "column": 5 }
        },
        "locations": [
          {
            "start": { "line": 53, "column": 45 },
            "end": { "line": 55, "column": 5 }
          }
        ]
      },
      "16": {
        "type": "branch",
        "line": 50,
        "loc": {
          "start": { "line": 50, "column": 7 },
          "end": { "line": 50, "column": 41 }
        },
        "locations": [
          {
            "start": { "line": 50, "column": 7 },
            "end": { "line": 50, "column": 41 }
          }
        ]
      },
      "17": {
        "type": "branch",
        "line": 65,
        "loc": {
          "start": { "line": 65, "column": 16 },
          "end": { "line": 67, "column": 4 }
        },
        "locations": [
          {
            "start": { "line": 65, "column": 16 },
            "end": { "line": 67, "column": 4 }
          }
        ]
      }
    },
    "b": {
      "0": [1],
      "1": [5],
      "2": [1],
      "3": [4],
      "4": [4],
      "5": [4],
      "6": [3],
      "7": [1],
      "8": [2],
      "9": [1],
      "10": [0],
      "11": [1],
      "12": [0],
      "13": [2],
      "14": [1],
      "15": [0],
      "16": [2],
      "17": [8]
    },
    "fnMap": {
      "0": {
        "name": "createStore",
        "decl": {
          "start": { "line": 5, "column": 7 },
          "end": { "line": 79, "column": 1 }
        },
        "loc": {
          "start": { "line": 5, "column": 7 },
          "end": { "line": 79, "column": 1 }
        },
        "line": 5
      },
      "1": {
        "name": "getEntries",
        "decl": {
          "start": { "line": 8, "column": 22 },
          "end": { "line": 22, "column": 4 }
        },
        "loc": {
          "start": { "line": 8, "column": 22 },
          "end": { "line": 22, "column": 4 }
        },
        "line": 8
      },
      "2": {
        "name": "getEntryContent",
        "decl": {
          "start": { "line": 24, "column": 26 },
          "end": { "line": 26, "column": 4 }
        },
        "loc": {
          "start": { "line": 24, "column": 26 },
          "end": { "line": 26, "column": 4 }
        },
        "line": 24
      },
      "3": {
        "name": "persistContent",
        "decl": {
          "start": { "line": 28, "column": 25 },
          "end": { "line": 33, "column": 4 }
        },
        "loc": {
          "start": { "line": 28, "column": 25 },
          "end": { "line": 33, "column": 4 }
        },
        "line": 28
      },
      "4": {
        "name": "dropEntry",
        "decl": {
          "start": { "line": 35, "column": 20 },
          "end": { "line": 39, "column": 4 }
        },
        "loc": {
          "start": { "line": 35, "column": 20 },
          "end": { "line": 39, "column": 4 }
        },
        "line": 35
      },
      "5": {
        "name": "deleteBranch",
        "decl": {
          "start": { "line": 41, "column": 24 },
          "end": { "line": 45, "column": 4 }
        },
        "loc": {
          "start": { "line": 41, "column": 24 },
          "end": { "line": 45, "column": 4 }
        },
        "line": 41
      },
      "6": {
        "name": "getBranches",
        "decl": {
          "start": { "line": 46, "column": 22 },
          "end": { "line": 46, "column": 34 }
        },
        "loc": {
          "start": { "line": 46, "column": 22 },
          "end": { "line": 46, "column": 34 }
        },
        "line": 46
      },
      "7": {
        "name": "createBranch",
        "decl": {
          "start": { "line": 48, "column": 24 },
          "end": { "line": 63, "column": 4 }
        },
        "loc": {
          "start": { "line": 48, "column": 24 },
          "end": { "line": 63, "column": 4 }
        },
        "line": 48
      },
      "8": {
        "name": "reset",
        "decl": {
          "start": { "line": 65, "column": 16 },
          "end": { "line": 67, "column": 4 }
        },
        "loc": {
          "start": { "line": 65, "column": 16 },
          "end": { "line": 67, "column": 4 }
        },
        "line": 65
      }
    },
    "f": {
      "0": 1,
      "1": 5,
      "2": 4,
      "3": 2,
      "4": 1,
      "5": 1,
      "6": 2,
      "7": 1,
      "8": 8
    }
  }
}
