TN:
SF:src/features/create-handlers/create-handlers.js
FN:4,createHandlers
FNF:1
FNH:1
FNDA:1,createHandlers
DA:1,1
DA:2,1
DA:3,1
DA:4,1
DA:5,1
DA:6,1
DA:7,1
DA:8,1
DA:9,1
DA:10,1
DA:11,1
DA:12,1
DA:13,1
DA:14,1
DA:15,1
DA:16,1
DA:17,1
DA:18,1
DA:19,1
DA:20,2
DA:21,2
DA:22,2
DA:23,1
DA:24,1
DA:25,1
DA:26,1
DA:27,1
DA:28,1
DA:29,1
DA:30,5
DA:31,5
DA:32,5
DA:33,5
DA:34,5
DA:35,4
DA:36,5
DA:37,1
DA:38,1
DA:39,1
DA:40,1
DA:41,1
DA:42,1
DA:43,1
DA:44,5
DA:45,1
DA:46,1
DA:47,1
DA:48,1
DA:49,4
DA:50,4
DA:51,4
DA:52,4
DA:53,3
DA:54,4
DA:55,1
DA:56,1
DA:57,1
DA:58,1
DA:59,1
DA:60,1
DA:61,1
DA:62,4
DA:63,1
DA:64,1
DA:65,1
DA:66,1
DA:67,1
DA:68,2
DA:69,2
DA:70,2
DA:71,2
DA:72,2
DA:73,1
DA:74,1
DA:75,1
DA:76,1
DA:77,1
DA:78,1
DA:79,1
DA:80,1
DA:81,1
DA:82,1
DA:83,1
DA:84,1
DA:85,1
DA:86,1
DA:87,1
DA:88,1
DA:89,1
DA:90,1
DA:91,1
LF:91
LH:91
BRDA:4,0,0,1
BRDA:19,1,0,2
BRDA:24,2,0,1
BRDA:29,3,0,5
BRDA:34,4,0,4
BRDA:36,5,0,1
BRDA:48,6,0,4
BRDA:52,7,0,3
BRDA:54,8,0,1
BRDA:67,9,0,2
BRDA:75,10,0,1
BRDA:82,11,0,1
BRF:12
BRH:12
end_of_record
TN:
SF:src/features/create-handlers/create-store.js
FN:5,createStore
FN:8,getEntries
FN:24,getEntryContent
FN:28,persistContent
FN:35,dropEntry
FN:41,deleteBranch
FN:46,getBranches
FN:48,createBranch
FN:65,reset
FNF:9
FNH:9
FNDA:1,createStore
FNDA:5,getEntries
FNDA:4,getEntryContent
FNDA:2,persistContent
FNDA:1,dropEntry
FNDA:1,deleteBranch
FNDA:2,getBranches
FNDA:1,createBranch
FNDA:8,reset
DA:1,1
DA:2,1
DA:3,1
DA:4,1
DA:5,1
DA:6,1
DA:7,1
DA:8,1
DA:9,5
DA:10,4
DA:11,4
DA:12,4
DA:13,4
DA:14,4
DA:15,4
DA:16,4
DA:17,4
DA:18,4
DA:19,4
DA:20,4
DA:21,4
DA:22,4
DA:23,1
DA:24,1
DA:25,4
DA:26,4
DA:27,1
DA:28,1
DA:29,2
DA:30,2
DA:31,2
DA:32,2
DA:33,2
DA:34,1
DA:35,1
DA:36,1
DA:37,1
DA:38,1
DA:39,1
DA:40,1
DA:41,1
DA:42,1
DA:43,1
DA:44,1
DA:45,1
DA:46,1
DA:47,1
DA:48,1
DA:49,1
DA:50,1
DA:51,1
DA:52,1
DA:53,1
DA:54,0
DA:55,0
DA:56,1
DA:57,1
DA:58,1
DA:59,1
DA:60,1
DA:61,1
DA:62,1
DA:63,1
DA:64,1
DA:65,1
DA:66,8
DA:67,8
DA:68,1
DA:69,1
DA:70,1
DA:71,1
DA:72,1
DA:73,1
DA:74,1
DA:75,1
DA:76,1
DA:77,1
DA:78,1
DA:79,1
LF:79
LH:77
BRDA:5,0,0,1
BRDA:8,1,0,5
BRDA:9,2,0,1
BRDA:9,3,0,4
BRDA:12,4,0,4
BRDA:24,5,0,4
BRDA:25,6,0,3
BRDA:25,7,0,1
BRDA:28,8,0,2
BRDA:35,9,0,1
BRDA:36,10,0,0
BRDA:41,11,0,1
BRDA:42,12,0,0
BRDA:46,13,0,2
BRDA:48,14,0,1
BRDA:53,15,0,0
BRDA:50,16,0,2
BRDA:65,17,0,8
BRF:18
BRH:15
end_of_record
